Using pre-set license
Built from '2020.3/staging' branch; Version is '2020.3.21f1 (a38c86f6690f) revision 10718342'; Using compiler version '192528614'; Build Type 'Release'
OS: 'Windows 10 Pro; OS build 19042.1288; Version 2009; 64bit' Language: 'id' Physical Memory: 8113 MB
BatchMode: 1, IsHumanControllingUs: 0, StartBugReporterOnCrash: 0, Is64bit: 1, IsPro: 0

COMMAND LINE ARGUMENTS:
C:\Program Files\Unity\Hub\Editor\2020.3.21f1\Editor\Unity.exe
-adb2
-batchMode
-noUpm
-name
AssetImportWorker0
-projectPath
D:/RB/Unity/TowerDeffense/Tower Deffense
-logFile
Logs/AssetImportWorker0.log
-srvPort
59651
Successfully changed project path to: D:/RB/Unity/TowerDeffense/Tower Deffense
D:/RB/Unity/TowerDeffense/Tower Deffense
Using Asset Import Pipeline V2.
Refreshing native plugins compatible for Editor in 408.18 ms, found 3 plugins.
Preloading 0 native plugins for Editor in 0.00 ms.
Initialize engine version: 2020.3.21f1 (a38c86f6690f)
[Subsystems] Discovering subsystems at path C:/Program Files/Unity/Hub/Editor/2020.3.21f1/Editor/Data/Resources/UnitySubsystems
[Subsystems] Discovering subsystems at path D:/RB/Unity/TowerDeffense/Tower Deffense/Assets
GfxDevice: creating device client; threaded=0
Direct3D:
    Version:  Direct3D 11.0 [level 11.1]
    Renderer: Intel(R) HD Graphics Family (ID=0xa16)
    Vendor:   
    VRAM:     2048 MB
    Driver:   20.19.15.5070
Initialize mono
Mono path[0] = 'C:/Program Files/Unity/Hub/Editor/2020.3.21f1/Editor/Data/Managed'
Mono path[1] = 'C:/Program Files/Unity/Hub/Editor/2020.3.21f1/Editor/Data/MonoBleedingEdge/lib/mono/unityjit'
Mono config path = 'C:/Program Files/Unity/Hub/Editor/2020.3.21f1/Editor/Data/MonoBleedingEdge/etc'
Using monoOptions --debugger-agent=transport=dt_socket,embedding=1,server=y,suspend=n,address=127.0.0.1:56160
Begin MonoManager ReloadAssembly
Registering precompiled unity dll's ...
Register platform support module: C:/Program Files/Unity/Hub/Editor/2020.3.21f1/Editor/Data/PlaybackEngines/WindowsStandaloneSupport/UnityEditor.WindowsStandalone.Extensions.dll
Registered in 0.004567 seconds.
Native extension for WindowsStandalone target not found
Refreshing native plugins compatible for Editor in 70.96 ms, found 3 plugins.
Preloading 0 native plugins for Editor in 0.00 ms.
Mono: successfully reloaded assembly
- Completed reload, in  1.861 seconds
Domain Reload Profiling:
	ReloadAssembly (1861ms)
		BeginReloadAssembly (93ms)
			ExecutionOrderSort (0ms)
			DisableScriptedObjects (0ms)
			BackupInstance (0ms)
			ReleaseScriptingObjects (0ms)
			CreateAndSetChildDomain (1ms)
		EndReloadAssembly (846ms)
			LoadAssemblies (89ms)
			RebuildTransferFunctionScriptingTraits (0ms)
			SetupTypeCache (267ms)
			ReleaseScriptCaches (0ms)
			RebuildScriptCaches (54ms)
			SetupLoadedEditorAssemblies (371ms)
				LogAssemblyErrors (0ms)
				InitializePlatformSupportModulesInManaged (7ms)
				SetLoadedEditorAssemblies (0ms)
				RefreshPlugins (71ms)
				BeforeProcessingInitializeOnLoad (24ms)
				ProcessInitializeOnLoadAttributes (216ms)
				ProcessInitializeOnLoadMethodAttributes (52ms)
				AfterProcessingInitializeOnLoad (0ms)
				EditorAssembliesLoaded (0ms)
			ExecutionOrderSort2 (0ms)
			AwakeInstancesAfterBackupRestoration (0ms)
Platform modules already initialized, skipping
Registering precompiled user dll's ...
Registered in 0.006935 seconds.
Begin MonoManager ReloadAssembly
Native extension for WindowsStandalone target not found
Refreshing native plugins compatible for Editor in 67.65 ms, found 3 plugins.
Preloading 0 native plugins for Editor in 0.00 ms.
Mono: successfully reloaded assembly
- Completed reload, in  2.166 seconds
Domain Reload Profiling:
	ReloadAssembly (2167ms)
		BeginReloadAssembly (236ms)
			ExecutionOrderSort (0ms)
			DisableScriptedObjects (7ms)
			BackupInstance (0ms)
			ReleaseScriptingObjects (0ms)
			CreateAndSetChildDomain (31ms)
		EndReloadAssembly (1832ms)
			LoadAssemblies (152ms)
			RebuildTransferFunctionScriptingTraits (0ms)
			SetupTypeCache (511ms)
			ReleaseScriptCaches (1ms)
			RebuildScriptCaches (131ms)
			SetupLoadedEditorAssemblies (740ms)
				LogAssemblyErrors (0ms)
				InitializePlatformSupportModulesInManaged (6ms)
				SetLoadedEditorAssemblies (0ms)
				RefreshPlugins (68ms)
				BeforeProcessingInitializeOnLoad (122ms)
				ProcessInitializeOnLoadAttributes (493ms)
				ProcessInitializeOnLoadMethodAttributes (36ms)
				AfterProcessingInitializeOnLoad (14ms)
				EditorAssembliesLoaded (0ms)
			ExecutionOrderSort2 (0ms)
			AwakeInstancesAfterBackupRestoration (11ms)
Platform modules already initialized, skipping
========================================================================
Worker process is ready to serve import requests
Launched and connected shader compiler UnityShaderCompiler.exe after 0.27 seconds
Refreshing native plugins compatible for Editor in 0.70 ms, found 3 plugins.
Preloading 0 native plugins for Editor in 0.00 ms.
Unloading 2182 Unused Serialized files (Serialized files now loaded: 0)
System memory in use before: 95.5 MB.
System memory in use after: 95.6 MB.

Unloading 28 unused Assets to reduce memory usage. Loaded Objects now: 2615.
Total: 5.522100 ms (FindLiveObjects: 0.325300 ms CreateObjectMapping: 0.240200 ms MarkObjects: 4.832300 ms  DeleteObjects: 0.122500 ms)

AssetImportParameters requested are different than current active one (requested -> active):
  custom:framework-win-MediaFoundation: 216162199b28c13a410421893ffa2e32 -> 
  custom:video-decoder-ogg-theora: a1e56fd34408186e4bbccfd4996cb3dc -> 
  custom:container-muxer-webm: aa71ff27fc2769a1b78a27578f13a17b -> 
  custom:container-demuxer-webm: 4f35f7cbe854078d1ac9338744f61a02 -> 
  custom:container-demuxer-ogg: 62fdf1f143b41e24485cea50d1cbac27 -> 
  custom:video-encoder-webm-vp8: eb34c28f22e8b96e1ab97ce403110664 -> 
  custom:video-decoder-webm-vp8: 9c59270c3fd7afecdb556c50c9e8de78 -> 
  custom:audio-decoder-ogg-vorbis: bf7c407c2cedff20999df2af8eb42d56 -> 
  custom:audio-encoder-webm-vorbis: bf7c407c2cedff20999df2af8eb42d56 -> 
========================================================================
Received Import Request.
  path: Assets
  artifactKey: Guid(00000000000000001000000000000000) Importer(815301076,1909f56bfc062723c751e8b465ee728b)
Start importing Assets using Guid(00000000000000001000000000000000) Importer(815301076,1909f56bfc062723c751e8b465ee728b)  -> (artifact id: '42d402b061de3733987d63b9cc3b64de') in 0.030801 seconds 
  Import took 0.070056 seconds .

========================================================================
Received Import Request.
  Time since last request: 792.560583 seconds.
  path: Assets/Sprite
  artifactKey: Guid(bb4b56afa2c8d0a46bb310b2cb7dc064) Importer(815301076,1909f56bfc062723c751e8b465ee728b)
Start importing Assets/Sprite using Guid(bb4b56afa2c8d0a46bb310b2cb7dc064) Importer(815301076,1909f56bfc062723c751e8b465ee728b)  -> (artifact id: '09572973af60b1df8d949ad4eab36b3b') in 0.023632 seconds 
  Import took 0.074911 seconds .

========================================================================
Received Import Request.
  Time since last request: 0.000261 seconds.
  path: Assets/Sprite/platformerPack_character@2.png
  artifactKey: Guid(3381207a389957740ab7babf1d0bcadb) Importer(815301076,1909f56bfc062723c751e8b465ee728b)
Start importing Assets/Sprite/platformerPack_character@2.png using Guid(3381207a389957740ab7babf1d0bcadb) Importer(815301076,1909f56bfc062723c751e8b465ee728b)  -> (artifact id: 'a136c65be30cf2f921855bb98c26b8ca') in 0.478385 seconds 
  Import took 0.500292 seconds .

========================================================================
Received Import Request.
  Time since last request: 0.000350 seconds.
  path: Assets/Sprite/platformPack_tilesheet@2.png
  artifactKey: Guid(1432359777054b34593493c4b0beecf5) Importer(815301076,1909f56bfc062723c751e8b465ee728b)
Start importing Assets/Sprite/platformPack_tilesheet@2.png using Guid(1432359777054b34593493c4b0beecf5) Importer(815301076,1909f56bfc062723c751e8b465ee728b)  -> (artifact id: '4bf225c7c349d07bdb53d701f7427af6') in 0.090155 seconds 
  Import took 0.113655 seconds .

========================================================================
Received Import Request.
  Time since last request: 24.585511 seconds.
  path: Assets/Sprite/platformPack_tilesheet@2.png
  artifactKey: Guid(1432359777054b34593493c4b0beecf5) Importer(815301076,1909f56bfc062723c751e8b465ee728b)
Start importing Assets/Sprite/platformPack_tilesheet@2.png using Guid(1432359777054b34593493c4b0beecf5) Importer(815301076,1909f56bfc062723c751e8b465ee728b)  -> (artifact id: 'c3dc4ab6ca79324aeb2cea5e1dba72f0') in 0.111453 seconds 
  Import took 0.209520 seconds .

========================================================================
Received Import Request.
  Time since last request: 56.754956 seconds.
  path: Assets/Sprite/platformPack_tilesheet@2.png
  artifactKey: Guid(1432359777054b34593493c4b0beecf5) Importer(815301076,1909f56bfc062723c751e8b465ee728b)
Start importing Assets/Sprite/platformPack_tilesheet@2.png using Guid(1432359777054b34593493c4b0beecf5) Importer(815301076,1909f56bfc062723c751e8b465ee728b)  -> (artifact id: 'd3d7da23283db349dcd26b29699e64ee') in 0.599039 seconds 
  Import took 0.667056 seconds .

========================================================================
Received Import Request.
  Time since last request: 70.712835 seconds.
  path: Assets/Sprite/platformPack_tilesheet@2.png
  artifactKey: Guid(1432359777054b34593493c4b0beecf5) Importer(815301076,1909f56bfc062723c751e8b465ee728b)
Start importing Assets/Sprite/platformPack_tilesheet@2.png using Guid(1432359777054b34593493c4b0beecf5) Importer(815301076,1909f56bfc062723c751e8b465ee728b)  -> (artifact id: '6a0ce4051598035d9a69a1a31b160aa1') in 0.035334 seconds 
  Import took 0.095873 seconds .

========================================================================
Received Import Request.
  Time since last request: 131.539580 seconds.
  path: Assets/Sound
  artifactKey: Guid(2fc9cc53daedf014f84beabe09e07196) Importer(815301076,1909f56bfc062723c751e8b465ee728b)
Start importing Assets/Sound using Guid(2fc9cc53daedf014f84beabe09e07196) Importer(815301076,1909f56bfc062723c751e8b465ee728b)  -> (artifact id: 'c86716bcda36f73b95cb6f4d6dab9e64') in 0.018737 seconds 
  Import took 0.031154 seconds .

========================================================================
Received Import Request.
  Time since last request: 4.450295 seconds.
  path: Assets/Scenes
  artifactKey: Guid(31dad5518381ea64ab97ac44cb2e3ee2) Importer(815301076,1909f56bfc062723c751e8b465ee728b)
Start importing Assets/Scenes using Guid(31dad5518381ea64ab97ac44cb2e3ee2) Importer(815301076,1909f56bfc062723c751e8b465ee728b)  -> (artifact id: 'd224edd351a8c30faaf5300dcee17de8') in 0.018581 seconds 
  Import took 0.026255 seconds .

========================================================================
Received Import Request.
  Time since last request: 0.271850 seconds.
  path: Assets/Sprites
  artifactKey: Guid(48b3e7080e529da4485ad478ac0186e4) Importer(815301076,1909f56bfc062723c751e8b465ee728b)
Start importing Assets/Sprites using Guid(48b3e7080e529da4485ad478ac0186e4) Importer(815301076,1909f56bfc062723c751e8b465ee728b)  -> (artifact id: 'd41dd65446543df28827c5c581330817') in 0.018603 seconds 
  Import took 0.026218 seconds .

========================================================================
Received Import Request.
  Time since last request: 6.310081 seconds.
  path: Assets/Audios
  artifactKey: Guid(de423f3fe189c0047a07f5750d60e809) Importer(815301076,1909f56bfc062723c751e8b465ee728b)
Start importing Assets/Audios using Guid(de423f3fe189c0047a07f5750d60e809) Importer(815301076,1909f56bfc062723c751e8b465ee728b)  -> (artifact id: '3935a6246f1ffaf7c15721749eedc7c6') in 0.017458 seconds 
  Import took 0.033749 seconds .

========================================================================
Received Import Request.
  Time since last request: 0.040601 seconds.
  path: Assets/Audios/enemy-die.ogg
  artifactKey: Guid(3b69fe6fbddda9f4abf1590f16f22e31) Importer(815301076,1909f56bfc062723c751e8b465ee728b)
Start importing Assets/Audios/enemy-die.ogg using Guid(3b69fe6fbddda9f4abf1590f16f22e31) Importer(815301076,1909f56bfc062723c751e8b465ee728b)  -> (artifact id: 'abfb14d6db336ee5183818c53fe0dc88') in 0.168842 seconds 
  Import took 0.190018 seconds .

========================================================================
Received Import Request.
  Time since last request: 0.000344 seconds.
  path: Assets/Audios/hit-enemy.ogg
  artifactKey: Guid(9ccbcb273b22e854e955b6f88f4c9418) Importer(815301076,1909f56bfc062723c751e8b465ee728b)
Start importing Assets/Audios/hit-enemy.ogg using Guid(9ccbcb273b22e854e955b6f88f4c9418) Importer(815301076,1909f56bfc062723c751e8b465ee728b)  -> (artifact id: '681f7183b40a83fd183ef8de5a528cf5') in 0.034516 seconds 
  Import took 0.043501 seconds .

========================================================================
Received Import Request.
  Time since last request: 6.020504 seconds.
  path: Assets/Sprites/box_white.png
  artifactKey: Guid(3476247a8dc86934bbc3d926883b231d) Importer(815301076,1909f56bfc062723c751e8b465ee728b)
Start importing Assets/Sprites/box_white.png using Guid(3476247a8dc86934bbc3d926883b231d) Importer(815301076,1909f56bfc062723c751e8b465ee728b)  -> (artifact id: '042e114a55d1d0d8d369e5afc38f6a92') in 0.044027 seconds 
  Import took 0.061986 seconds .

========================================================================
Received Import Request.
  Time since last request: 0.000632 seconds.
  path: Assets/Sprites/road_2.png
  artifactKey: Guid(8f0afc3a011e26c4cad968f021fe7bc8) Importer(815301076,1909f56bfc062723c751e8b465ee728b)
Start importing Assets/Sprites/road_2.png using Guid(8f0afc3a011e26c4cad968f021fe7bc8) Importer(815301076,1909f56bfc062723c751e8b465ee728b)  -> (artifact id: 'be7ed50144ad4382aa2ac1417fab9638') in 0.042999 seconds 
  Import took 0.054736 seconds .

========================================================================
Received Import Request.
  Time since last request: 0.000400 seconds.
  path: Assets/Sprites/enemy_2.png
  artifactKey: Guid(7a3a7fd2d26f3cf4699f04fb185b8c83) Importer(815301076,1909f56bfc062723c751e8b465ee728b)
Start importing Assets/Sprites/enemy_2.png using Guid(7a3a7fd2d26f3cf4699f04fb185b8c83) Importer(815301076,1909f56bfc062723c751e8b465ee728b)  -> (artifact id: 'b41d017ee4a27481e8ad274689f5306a') in 0.064119 seconds 
  Import took 0.081127 seconds .

========================================================================
Received Import Request.
  Time since last request: 0.000287 seconds.
  path: Assets/Sprites/road_1.png
  artifactKey: Guid(95fac090697885447821fdc6fe42bb6d) Importer(815301076,1909f56bfc062723c751e8b465ee728b)
Start importing Assets/Sprites/road_1.png using Guid(95fac090697885447821fdc6fe42bb6d) Importer(815301076,1909f56bfc062723c751e8b465ee728b)  -> (artifact id: '99797c37d931f1b426be586455296422') in 0.046925 seconds 
  Import took 0.076961 seconds .

========================================================================
Received Import Request.
  Time since last request: 0.000274 seconds.
  path: Assets/Sprites/enemy_1.png
  artifactKey: Guid(33577f1e113816d42bedd6820541f761) Importer(815301076,1909f56bfc062723c751e8b465ee728b)
Start importing Assets/Sprites/enemy_1.png using Guid(33577f1e113816d42bedd6820541f761) Importer(815301076,1909f56bfc062723c751e8b465ee728b)  -> (artifact id: '69437dc14140998457f753f81f79a575') in 0.044468 seconds 
  Import took 0.050983 seconds .

========================================================================
Received Import Request.
  Time since last request: 0.000295 seconds.
  path: Assets/Sprites/panel_blue.png
  artifactKey: Guid(3d5aee7108e04fc4ebb27ba1a22698df) Importer(815301076,1909f56bfc062723c751e8b465ee728b)
Start importing Assets/Sprites/panel_blue.png using Guid(3d5aee7108e04fc4ebb27ba1a22698df) Importer(815301076,1909f56bfc062723c751e8b465ee728b)  -> (artifact id: '1def21fb7524cc0e89fd61b1b010b1d2') in 0.032532 seconds 
  Import took 0.039025 seconds .

========================================================================
Received Import Request.
  Time since last request: 0.000491 seconds.
  path: Assets/Sprites/bullet_1.png
  artifactKey: Guid(07e8f0b56f8ab514bb587a3dd277f19a) Importer(815301076,1909f56bfc062723c751e8b465ee728b)
Start importing Assets/Sprites/bullet_1.png using Guid(07e8f0b56f8ab514bb587a3dd277f19a) Importer(815301076,1909f56bfc062723c751e8b465ee728b)  -> (artifact id: 'eca8923dc6ca09bfc4131623f09d7f21') in 0.049883 seconds 
  Import took 0.061105 seconds .

========================================================================
Received Import Request.
  Time since last request: 0.000833 seconds.
  path: Assets/Sprites/bullet_2.png
  artifactKey: Guid(37e1cebc8aa70bc459e09199660f2330) Importer(815301076,1909f56bfc062723c751e8b465ee728b)
Start importing Assets/Sprites/bullet_2.png using Guid(37e1cebc8aa70bc459e09199660f2330) Importer(815301076,1909f56bfc062723c751e8b465ee728b)  -> (artifact id: '84bd4cd54abffd6a22af0f403fb659f0') in 0.042998 seconds 
  Import took 0.052227 seconds .

========================================================================
Received Import Request.
  Time since last request: 0.000369 seconds.
  path: Assets/Sprites/tile_grass.png
  artifactKey: Guid(46eef5db2ed4f6442ba2b5cf12484f45) Importer(815301076,1909f56bfc062723c751e8b465ee728b)
Start importing Assets/Sprites/tile_grass.png using Guid(46eef5db2ed4f6442ba2b5cf12484f45) Importer(815301076,1909f56bfc062723c751e8b465ee728b)  -> (artifact id: 'cadf984784b33e566f38f04c4a4454aa') in 0.057530 seconds 
  Import took 0.066247 seconds .

========================================================================
Received Import Request.
  Time since last request: 0.000383 seconds.
  path: Assets/Sprites/tower_placement.png
  artifactKey: Guid(6eee29fcfd2f7d5419a941f939b3675f) Importer(815301076,1909f56bfc062723c751e8b465ee728b)
Start importing Assets/Sprites/tower_placement.png using Guid(6eee29fcfd2f7d5419a941f939b3675f) Importer(815301076,1909f56bfc062723c751e8b465ee728b)  -> (artifact id: '54866a1005dd49af087a5de70dd309c9') in 0.076326 seconds 
  Import took 0.120348 seconds .

========================================================================
Received Import Request.
  Time since last request: 0.000335 seconds.
  path: Assets/Sprites/tower_plate.png
  artifactKey: Guid(8c8e7460e4588224996eef803d0666f3) Importer(815301076,1909f56bfc062723c751e8b465ee728b)
Start importing Assets/Sprites/tower_plate.png using Guid(8c8e7460e4588224996eef803d0666f3) Importer(815301076,1909f56bfc062723c751e8b465ee728b)  -> (artifact id: '7e66cc236e1d50ba961f8c02f64c5e26') in 0.037172 seconds 
  Import took 0.071265 seconds .

========================================================================
Received Import Request.
  Time since last request: 0.000271 seconds.
  path: Assets/Sprites/tower_1.png
  artifactKey: Guid(8b7617e06367b054d98978ad63feda8c) Importer(815301076,1909f56bfc062723c751e8b465ee728b)
Start importing Assets/Sprites/tower_1.png using Guid(8b7617e06367b054d98978ad63feda8c) Importer(815301076,1909f56bfc062723c751e8b465ee728b)  -> (artifact id: 'db21b45b5e9579f5b69c39dede2cf94c') in 0.049095 seconds 
  Import took 0.068195 seconds .

========================================================================
Received Import Request.
  Time since last request: 0.000347 seconds.
  path: Assets/Sprites/tower_3.png
  artifactKey: Guid(a3a39701be7f37c4495e13e2cb516c67) Importer(815301076,1909f56bfc062723c751e8b465ee728b)
Start importing Assets/Sprites/tower_3.png using Guid(a3a39701be7f37c4495e13e2cb516c67) Importer(815301076,1909f56bfc062723c751e8b465ee728b)  -> (artifact id: '6d6e083e7bde9a9cc359daf96cb1044d') in 0.106426 seconds 
  Import took 0.113255 seconds .

========================================================================
Received Import Request.
  Time since last request: 0.000281 seconds.
  path: Assets/Sprites/tower_2.png
  artifactKey: Guid(838326a223c6e774cb7f1566cbc644ff) Importer(815301076,1909f56bfc062723c751e8b465ee728b)
Start importing Assets/Sprites/tower_2.png using Guid(838326a223c6e774cb7f1566cbc644ff) Importer(815301076,1909f56bfc062723c751e8b465ee728b)  -> (artifact id: 'ce673370ee4d81e1bb54e67cd1246154') in 0.043244 seconds 
  Import took 0.052423 seconds .

========================================================================
Received Import Request.
  Time since last request: 0.000410 seconds.
  path: Assets/Sprites/panel_glass.png
  artifactKey: Guid(5efa7cbb8e2be8d4e9b467f67d08d991) Importer(815301076,1909f56bfc062723c751e8b465ee728b)
Start importing Assets/Sprites/panel_glass.png using Guid(5efa7cbb8e2be8d4e9b467f67d08d991) Importer(815301076,1909f56bfc062723c751e8b465ee728b)  -> (artifact id: 'c46aa3e7dea55174f175378ee2c77811') in 0.046844 seconds 
  Import took 0.058373 seconds .

========================================================================
Received Import Request.
  Time since last request: 138.030549 seconds.
  path: Assets/Sprites/tile_grass.png
  artifactKey: Guid(46eef5db2ed4f6442ba2b5cf12484f45) Importer(815301076,1909f56bfc062723c751e8b465ee728b)
Start importing Assets/Sprites/tile_grass.png using Guid(46eef5db2ed4f6442ba2b5cf12484f45) Importer(815301076,1909f56bfc062723c751e8b465ee728b)  -> (artifact id: '736038f1bad48cdddaafef3f58bafd52') in 0.052371 seconds 
  Import took 0.099147 seconds .

========================================================================
Received Import Request.
  Time since last request: 1478.137856 seconds.
  path: Assets/Sprites/panel_blue.png
  artifactKey: Guid(3d5aee7108e04fc4ebb27ba1a22698df) Importer(815301076,1909f56bfc062723c751e8b465ee728b)
Start importing Assets/Sprites/panel_blue.png using Guid(3d5aee7108e04fc4ebb27ba1a22698df) Importer(815301076,1909f56bfc062723c751e8b465ee728b)  -> (artifact id: '7adbb1ea75243599906f8ed9cb899ef4') in 0.035186 seconds 
  Import took 0.061618 seconds .

========================================================================
Received Import Request.
  Time since last request: 726.228854 seconds.
  path: Assets/Prefabs
  artifactKey: Guid(ef5885dbdc0ca7540814ff3f0ca3d97c) Importer(815301076,1909f56bfc062723c751e8b465ee728b)
Start importing Assets/Prefabs using Guid(ef5885dbdc0ca7540814ff3f0ca3d97c) Importer(815301076,1909f56bfc062723c751e8b465ee728b)  -> (artifact id: '83b39e61bd0c6d8a1496d230479fcb3f') in 0.018411 seconds 
  Import took 0.039880 seconds .

========================================================================
Received Import Request.
  Time since last request: 11.239825 seconds.
  path: Assets/Prefabs/Tower UI.prefab
  artifactKey: Guid(712617e7c47235a43885796d7256ef29) Importer(815301076,1909f56bfc062723c751e8b465ee728b)
Start importing Assets/Prefabs/Tower UI.prefab using Guid(712617e7c47235a43885796d7256ef29) Importer(815301076,1909f56bfc062723c751e8b465ee728b)  -> (artifact id: 'c9f09014c130342008952da09a5e703f') in 0.289750 seconds 
  Import took 0.323105 seconds .

========================================================================
Received Import Request.
  Time since last request: 193.538765 seconds.
  path: Assets/Scrip.cs
  artifactKey: Guid(a559aa236623add4cbc89b06e7bf0658) Importer(815301076,1909f56bfc062723c751e8b465ee728b)
Start importing Assets/Scrip.cs using Guid(a559aa236623add4cbc89b06e7bf0658) Importer(815301076,1909f56bfc062723c751e8b465ee728b)  -> (artifact id: '548cf3a397979e9014eb144420d4cd51') in 0.143603 seconds 
  Import took 0.155952 seconds .

========================================================================
Received Prepare
Registering precompiled user dll's ...
Registered in 0.042971 seconds.
Begin MonoManager ReloadAssembly
Native extension for WindowsStandalone target not found
Refreshing native plugins compatible for Editor in 0.77 ms, found 3 plugins.
Preloading 0 native plugins for Editor in 0.00 ms.
Mono: successfully reloaded assembly
- Completed reload, in  2.357 seconds
Domain Reload Profiling:
	ReloadAssembly (2358ms)
		BeginReloadAssembly (362ms)
			ExecutionOrderSort (0ms)
			DisableScriptedObjects (22ms)
			BackupInstance (0ms)
			ReleaseScriptingObjects (0ms)
			CreateAndSetChildDomain (196ms)
		EndReloadAssembly (1798ms)
			LoadAssemblies (191ms)
			RebuildTransferFunctionScriptingTraits (0ms)
			SetupTypeCache (674ms)
			ReleaseScriptCaches (2ms)
			RebuildScriptCaches (156ms)
			SetupLoadedEditorAssemblies (508ms)
				LogAssemblyErrors (0ms)
				InitializePlatformSupportModulesInManaged (9ms)
				SetLoadedEditorAssemblies (1ms)
				RefreshPlugins (1ms)
				BeforeProcessingInitializeOnLoad (140ms)
				ProcessInitializeOnLoadAttributes (325ms)
				ProcessInitializeOnLoadMethodAttributes (21ms)
				AfterProcessingInitializeOnLoad (10ms)
				EditorAssembliesLoaded (0ms)
			ExecutionOrderSort2 (0ms)
			AwakeInstancesAfterBackupRestoration (14ms)
Platform modules already initialized, skipping
Refreshing native plugins compatible for Editor in 0.75 ms, found 3 plugins.
Preloading 0 native plugins for Editor in 0.00 ms.
Unloading 2171 Unused Serialized files (Serialized files now loaded: 0)
System memory in use before: 97.9 MB.
System memory in use after: 98.0 MB.

Unloading 17 unused Assets to reduce memory usage. Loaded Objects now: 2632.
Total: 5.269100 ms (FindLiveObjects: 0.334600 ms CreateObjectMapping: 0.254700 ms MarkObjects: 4.632700 ms  DeleteObjects: 0.045600 ms)

AssetImportParameters requested are different than current active one (requested -> active):
  custom:framework-win-MediaFoundation: 216162199b28c13a410421893ffa2e32 -> 
  custom:video-decoder-ogg-theora: a1e56fd34408186e4bbccfd4996cb3dc -> 
  custom:container-muxer-webm: aa71ff27fc2769a1b78a27578f13a17b -> 
  custom:container-demuxer-webm: 4f35f7cbe854078d1ac9338744f61a02 -> 
  custom:container-demuxer-ogg: 62fdf1f143b41e24485cea50d1cbac27 -> 
  custom:video-encoder-webm-vp8: eb34c28f22e8b96e1ab97ce403110664 -> 
  custom:video-decoder-webm-vp8: 9c59270c3fd7afecdb556c50c9e8de78 -> 
  custom:audio-decoder-ogg-vorbis: bf7c407c2cedff20999df2af8eb42d56 -> 
  custom:audio-encoder-webm-vorbis: bf7c407c2cedff20999df2af8eb42d56 -> 
========================================================================
Received Import Request.
  Time since last request: 20.682671 seconds.
  path: Assets/Scripts
  artifactKey: Guid(79090315739a2f245b1188a38857768e) Importer(815301076,1909f56bfc062723c751e8b465ee728b)
Start importing Assets/Scripts using Guid(79090315739a2f245b1188a38857768e) Importer(815301076,1909f56bfc062723c751e8b465ee728b)  -> (artifact id: 'c918ad16d65937d3c67ca1cc377d9d2e') in 0.026628 seconds 
  Import took 0.036368 seconds .

========================================================================
Received Import Request.
  Time since last request: 69.960160 seconds.
  path: Assets/Scripts/Tower.cs
  artifactKey: Guid(f32645b311def2e4298d9c0c6309da6b) Importer(815301076,1909f56bfc062723c751e8b465ee728b)
Start importing Assets/Scripts/Tower.cs using Guid(f32645b311def2e4298d9c0c6309da6b) Importer(815301076,1909f56bfc062723c751e8b465ee728b)  -> (artifact id: '6e356a2307b33c4021e8b64ad9f84150') in 0.042223 seconds 
  Import took 0.099268 seconds .

========================================================================
Received Prepare
Registering precompiled user dll's ...
Registered in 0.012516 seconds.
Begin MonoManager ReloadAssembly
Native extension for WindowsStandalone target not found
Refreshing native plugins compatible for Editor in 1.31 ms, found 3 plugins.
Preloading 0 native plugins for Editor in 0.00 ms.
Mono: successfully reloaded assembly
- Completed reload, in  2.964 seconds
Domain Reload Profiling:
	ReloadAssembly (2964ms)
		BeginReloadAssembly (295ms)
			ExecutionOrderSort (0ms)
			DisableScriptedObjects (10ms)
			BackupInstance (0ms)
			ReleaseScriptingObjects (0ms)
			CreateAndSetChildDomain (93ms)
		EndReloadAssembly (2505ms)
			LoadAssemblies (229ms)
			RebuildTransferFunctionScriptingTraits (0ms)
			SetupTypeCache (939ms)
			ReleaseScriptCaches (1ms)
			RebuildScriptCaches (172ms)
			SetupLoadedEditorAssemblies (846ms)
				LogAssemblyErrors (0ms)
				InitializePlatformSupportModulesInManaged (13ms)
				SetLoadedEditorAssemblies (1ms)
				RefreshPlugins (1ms)
				BeforeProcessingInitializeOnLoad (228ms)
				ProcessInitializeOnLoadAttributes (563ms)
				ProcessInitializeOnLoadMethodAttributes (24ms)
				AfterProcessingInitializeOnLoad (15ms)
				EditorAssembliesLoaded (0ms)
			ExecutionOrderSort2 (0ms)
			AwakeInstancesAfterBackupRestoration (23ms)
Platform modules already initialized, skipping
Refreshing native plugins compatible for Editor in 3.32 ms, found 3 plugins.
Preloading 0 native plugins for Editor in 0.00 ms.
Unloading 2172 Unused Serialized files (Serialized files now loaded: 0)
System memory in use before: 98.0 MB.
System memory in use after: 98.1 MB.

Unloading 17 unused Assets to reduce memory usage. Loaded Objects now: 2635.
Total: 5.839800 ms (FindLiveObjects: 0.261800 ms CreateObjectMapping: 0.149200 ms MarkObjects: 5.384500 ms  DeleteObjects: 0.042200 ms)

AssetImportParameters requested are different than current active one (requested -> active):
  custom:framework-win-MediaFoundation: 216162199b28c13a410421893ffa2e32 -> 
  custom:video-decoder-ogg-theora: a1e56fd34408186e4bbccfd4996cb3dc -> 
  custom:container-muxer-webm: aa71ff27fc2769a1b78a27578f13a17b -> 
  custom:container-demuxer-webm: 4f35f7cbe854078d1ac9338744f61a02 -> 
  custom:container-demuxer-ogg: 62fdf1f143b41e24485cea50d1cbac27 -> 
  custom:video-encoder-webm-vp8: eb34c28f22e8b96e1ab97ce403110664 -> 
  custom:video-decoder-webm-vp8: 9c59270c3fd7afecdb556c50c9e8de78 -> 
  custom:audio-decoder-ogg-vorbis: bf7c407c2cedff20999df2af8eb42d56 -> 
  custom:audio-encoder-webm-vorbis: bf7c407c2cedff20999df2af8eb42d56 -> 
========================================================================
Received Prepare
Registering precompiled user dll's ...
Registered in 0.009050 seconds.
Begin MonoManager ReloadAssembly
Native extension for WindowsStandalone target not found
Refreshing native plugins compatible for Editor in 0.70 ms, found 3 plugins.
Preloading 0 native plugins for Editor in 0.00 ms.
Mono: successfully reloaded assembly
- Completed reload, in  2.457 seconds
Domain Reload Profiling:
	ReloadAssembly (2458ms)
		BeginReloadAssembly (243ms)
			ExecutionOrderSort (0ms)
			DisableScriptedObjects (15ms)
			BackupInstance (0ms)
			ReleaseScriptingObjects (0ms)
			CreateAndSetChildDomain (78ms)
		EndReloadAssembly (2100ms)
			LoadAssemblies (191ms)
			RebuildTransferFunctionScriptingTraits (0ms)
			SetupTypeCache (690ms)
			ReleaseScriptCaches (2ms)
			RebuildScriptCaches (106ms)
			SetupLoadedEditorAssemblies (849ms)
				LogAssemblyErrors (0ms)
				InitializePlatformSupportModulesInManaged (8ms)
				SetLoadedEditorAssemblies (1ms)
				RefreshPlugins (1ms)
				BeforeProcessingInitializeOnLoad (179ms)
				ProcessInitializeOnLoadAttributes (602ms)
				ProcessInitializeOnLoadMethodAttributes (30ms)
				AfterProcessingInitializeOnLoad (28ms)
				EditorAssembliesLoaded (0ms)
			ExecutionOrderSort2 (0ms)
			AwakeInstancesAfterBackupRestoration (20ms)
Platform modules already initialized, skipping
Refreshing native plugins compatible for Editor in 1.25 ms, found 3 plugins.
Preloading 0 native plugins for Editor in 0.00 ms.
Unloading 2172 Unused Serialized files (Serialized files now loaded: 0)
System memory in use before: 98.0 MB.
System memory in use after: 98.1 MB.

Unloading 17 unused Assets to reduce memory usage. Loaded Objects now: 2637.
Total: 5.953700 ms (FindLiveObjects: 0.431100 ms CreateObjectMapping: 0.256900 ms MarkObjects: 5.229300 ms  DeleteObjects: 0.034500 ms)

AssetImportParameters requested are different than current active one (requested -> active):
  custom:framework-win-MediaFoundation: 216162199b28c13a410421893ffa2e32 -> 
  custom:video-decoder-ogg-theora: a1e56fd34408186e4bbccfd4996cb3dc -> 
  custom:container-muxer-webm: aa71ff27fc2769a1b78a27578f13a17b -> 
  custom:container-demuxer-webm: 4f35f7cbe854078d1ac9338744f61a02 -> 
  custom:container-demuxer-ogg: 62fdf1f143b41e24485cea50d1cbac27 -> 
  custom:video-encoder-webm-vp8: eb34c28f22e8b96e1ab97ce403110664 -> 
  custom:video-decoder-webm-vp8: 9c59270c3fd7afecdb556c50c9e8de78 -> 
  custom:audio-decoder-ogg-vorbis: bf7c407c2cedff20999df2af8eb42d56 -> 
  custom:audio-encoder-webm-vorbis: bf7c407c2cedff20999df2af8eb42d56 -> 
========================================================================
Received Import Request.
  Time since last request: 405.795539 seconds.
  path: Assets/Scripts/Tower.cs
  artifactKey: Guid(f32645b311def2e4298d9c0c6309da6b) Importer(815301076,1909f56bfc062723c751e8b465ee728b)
Start importing Assets/Scripts/Tower.cs using Guid(f32645b311def2e4298d9c0c6309da6b) Importer(815301076,1909f56bfc062723c751e8b465ee728b)  -> (artifact id: '329abf039f082641fa3c807a8da6ac48') in 0.008554 seconds 
  Import took 0.014285 seconds .

========================================================================
Received Import Request.
  Time since last request: 59.224522 seconds.
  path: Assets/Sprites/tower_1.png
  artifactKey: Guid(8b7617e06367b054d98978ad63feda8c) Importer(815301076,1909f56bfc062723c751e8b465ee728b)
Start importing Assets/Sprites/tower_1.png using Guid(8b7617e06367b054d98978ad63feda8c) Importer(815301076,1909f56bfc062723c751e8b465ee728b)  -> (artifact id: '7b4219ae5d5736631b3e4d513a8c2b30') in 0.159467 seconds 
  Import took 0.167639 seconds .

========================================================================
Received Import Request.
  Time since last request: 19.857404 seconds.
  path: Assets/Prefabs/Tower UI.prefab
  artifactKey: Guid(712617e7c47235a43885796d7256ef29) Importer(815301076,1909f56bfc062723c751e8b465ee728b)
Start importing Assets/Prefabs/Tower UI.prefab using Guid(712617e7c47235a43885796d7256ef29) Importer(815301076,1909f56bfc062723c751e8b465ee728b)  -> (artifact id: 'bc9bc122fd318c1408a5bdb9f181ee9f') in 0.041904 seconds 
  Import took 0.069671 seconds .

========================================================================
Received Import Request.
  Time since last request: 25.691560 seconds.
  path: Assets/Sprites/tower_2.png
  artifactKey: Guid(838326a223c6e774cb7f1566cbc644ff) Importer(815301076,1909f56bfc062723c751e8b465ee728b)
Start importing Assets/Sprites/tower_2.png using Guid(838326a223c6e774cb7f1566cbc644ff) Importer(815301076,1909f56bfc062723c751e8b465ee728b)  -> (artifact id: '63d4b616f9992cca6ea74c69e7303c3c') in 0.033279 seconds 
  Import took 0.048350 seconds .

========================================================================
Received Import Request.
  Time since last request: 0.000492 seconds.
  path: Assets/Sprites/tower_3.png
  artifactKey: Guid(a3a39701be7f37c4495e13e2cb516c67) Importer(815301076,1909f56bfc062723c751e8b465ee728b)
Start importing Assets/Sprites/tower_3.png using Guid(a3a39701be7f37c4495e13e2cb516c67) Importer(815301076,1909f56bfc062723c751e8b465ee728b)  -> (artifact id: 'af60ac164725589058a82e1f84d9807b') in 0.056036 seconds 
  Import took 0.067951 seconds .

========================================================================
Received Import Request.
  Time since last request: 643.138426 seconds.
  path: Assets/Prefabs/Tower.prefab
  artifactKey: Guid(b93906c361ecc3649b02b22d6bc7580c) Importer(815301076,1909f56bfc062723c751e8b465ee728b)
Start importing Assets/Prefabs/Tower.prefab using Guid(b93906c361ecc3649b02b22d6bc7580c) Importer(815301076,1909f56bfc062723c751e8b465ee728b)  -> (artifact id: '2fca17a5e30009ca0ed8a6197fd2f913') in 0.585832 seconds 
  Import took 0.615852 seconds .

========================================================================
Received Import Request.
  Time since last request: 8.097259 seconds.
  path: Assets/Prefabs/Tower UI.prefab
  artifactKey: Guid(712617e7c47235a43885796d7256ef29) Importer(815301076,1909f56bfc062723c751e8b465ee728b)
Start importing Assets/Prefabs/Tower UI.prefab using Guid(712617e7c47235a43885796d7256ef29) Importer(815301076,1909f56bfc062723c751e8b465ee728b)  -> (artifact id: '87abdcfba491c38defc8aaf0f74246f9') in 0.018394 seconds 
  Import took 0.057809 seconds .

========================================================================
Received Import Request.
  Time since last request: 576.044040 seconds.
  path: Assets/Prefabs/Tower.prefab
  artifactKey: Guid(b93906c361ecc3649b02b22d6bc7580c) Importer(815301076,1909f56bfc062723c751e8b465ee728b)
Start importing Assets/Prefabs/Tower.prefab using Guid(b93906c361ecc3649b02b22d6bc7580c) Importer(815301076,1909f56bfc062723c751e8b465ee728b)  -> (artifact id: 'fd846c2dd5561f23989d0d2b8d6de770') in 0.047713 seconds 
  Import took 0.062553 seconds .

========================================================================
Received Import Request.
  Time since last request: 56.614813 seconds.
  path: Assets/Prefabs/Tower Variant.prefab
  artifactKey: Guid(b49c08391d146bb45822a0fdc7587116) Importer(815301076,1909f56bfc062723c751e8b465ee728b)
Start importing Assets/Prefabs/Tower Variant.prefab using Guid(b49c08391d146bb45822a0fdc7587116) Importer(815301076,1909f56bfc062723c751e8b465ee728b)  -> (artifact id: 'ff975df353671edb8bd1128f530c38ad') in 0.550162 seconds 
  Import took 0.585757 seconds .

========================================================================
Received Import Request.
  Time since last request: 23.099691 seconds.
  path: Assets/Prefabs/Tower Variant 1.prefab
  artifactKey: Guid(2100702f9a3b15f4aa6cd9970b4b4123) Importer(815301076,1909f56bfc062723c751e8b465ee728b)
Start importing Assets/Prefabs/Tower Variant 1.prefab using Guid(2100702f9a3b15f4aa6cd9970b4b4123) Importer(815301076,1909f56bfc062723c751e8b465ee728b)  -> (artifact id: '190ea76045ee38d80a7471d53e69e91f') in 0.048500 seconds 
  Import took 0.064876 seconds .

========================================================================
Received Import Request.
  Time since last request: 9.042593 seconds.
  path: Assets/Prefabs/Tower Variant 2.prefab
  artifactKey: Guid(7c57b664c950cf24090cef9a599c42e1) Importer(815301076,1909f56bfc062723c751e8b465ee728b)
Start importing Assets/Prefabs/Tower Variant 2.prefab using Guid(7c57b664c950cf24090cef9a599c42e1) Importer(815301076,1909f56bfc062723c751e8b465ee728b)  -> (artifact id: '898f7bea5b2e433f5e75bed66b797c33') in 0.047400 seconds 
  Import took 0.082626 seconds .

========================================================================
Received Import Request.
  Time since last request: 12.647256 seconds.
  path: Assets/Prefabs/Tower 1.prefab
  artifactKey: Guid(2100702f9a3b15f4aa6cd9970b4b4123) Importer(815301076,1909f56bfc062723c751e8b465ee728b)
Start importing Assets/Prefabs/Tower 1.prefab using Guid(2100702f9a3b15f4aa6cd9970b4b4123) Importer(815301076,1909f56bfc062723c751e8b465ee728b)  -> (artifact id: 'aa79a1927ff0d59165e841ecfd2a022b') in 0.057895 seconds 
  Import took 0.109855 seconds .

========================================================================
Received Import Request.
  Time since last request: 14.539869 seconds.
  path: Assets/Prefabs/Tower 2.prefab
  artifactKey: Guid(7c57b664c950cf24090cef9a599c42e1) Importer(815301076,1909f56bfc062723c751e8b465ee728b)
Start importing Assets/Prefabs/Tower 2.prefab using Guid(7c57b664c950cf24090cef9a599c42e1) Importer(815301076,1909f56bfc062723c751e8b465ee728b)  -> (artifact id: '84a0618018fef0791ffc1342f081bc56') in 0.054937 seconds 
  Import took 0.067441 seconds .

========================================================================
Received Import Request.
  Time since last request: 9.680152 seconds.
  path: Assets/Prefabs/Tower 3.prefab
  artifactKey: Guid(b49c08391d146bb45822a0fdc7587116) Importer(815301076,1909f56bfc062723c751e8b465ee728b)
Start importing Assets/Prefabs/Tower 3.prefab using Guid(b49c08391d146bb45822a0fdc7587116) Importer(815301076,1909f56bfc062723c751e8b465ee728b)  -> (artifact id: '9835f03c1677fb4624f6ba3a218fa40c') in 0.050152 seconds 
  Import took 0.062268 seconds .

========================================================================
Received Import Request.
  Time since last request: 208.784875 seconds.
  path: Assets/Prefabs/Tower 2.prefab
  artifactKey: Guid(7c57b664c950cf24090cef9a599c42e1) Importer(815301076,1909f56bfc062723c751e8b465ee728b)
Start importing Assets/Prefabs/Tower 2.prefab using Guid(7c57b664c950cf24090cef9a599c42e1) Importer(815301076,1909f56bfc062723c751e8b465ee728b)  -> (artifact id: '8cd730223301f22a8f00ea27181b02ba') in 0.092338 seconds 
  Import took 0.104560 seconds .

========================================================================
Received Import Request.
  Time since last request: 141.461365 seconds.
  path: Assets/Prefabs/Tower 3.prefab
  artifactKey: Guid(b49c08391d146bb45822a0fdc7587116) Importer(815301076,1909f56bfc062723c751e8b465ee728b)
Start importing Assets/Prefabs/Tower 3.prefab using Guid(b49c08391d146bb45822a0fdc7587116) Importer(815301076,1909f56bfc062723c751e8b465ee728b)  -> (artifact id: '3a8b29bb0eca5d42afae92c6c8fe349c') in 0.034705 seconds 
  Import took 0.070878 seconds .

========================================================================
Received Import Request.
  Time since last request: 49.308153 seconds.
  path: Assets/Scripts/Tower UI.cs
  artifactKey: Guid(d8ca5d4c7e47a9049a7b33dbebdc35e8) Importer(815301076,1909f56bfc062723c751e8b465ee728b)
Start importing Assets/Scripts/Tower UI.cs using Guid(d8ca5d4c7e47a9049a7b33dbebdc35e8) Importer(815301076,1909f56bfc062723c751e8b465ee728b)  -> (artifact id: '123b027c8cb2122e5dc0af225b77e93a') in 0.035329 seconds 
  Import took 0.103110 seconds .

========================================================================
Received Prepare
Registering precompiled user dll's ...
Registered in 0.019092 seconds.
Begin MonoManager ReloadAssembly
Native extension for WindowsStandalone target not found
Refreshing native plugins compatible for Editor in 0.77 ms, found 3 plugins.
Preloading 0 native plugins for Editor in 0.00 ms.
Mono: successfully reloaded assembly
- Completed reload, in  2.285 seconds
Domain Reload Profiling:
	ReloadAssembly (2286ms)
		BeginReloadAssembly (253ms)
			ExecutionOrderSort (0ms)
			DisableScriptedObjects (13ms)
			BackupInstance (0ms)
			ReleaseScriptingObjects (0ms)
			CreateAndSetChildDomain (79ms)
		EndReloadAssembly (1884ms)
			LoadAssemblies (242ms)
			RebuildTransferFunctionScriptingTraits (0ms)
			SetupTypeCache (738ms)
			ReleaseScriptCaches (2ms)
			RebuildScriptCaches (93ms)
			SetupLoadedEditorAssemblies (630ms)
				LogAssemblyErrors (0ms)
				InitializePlatformSupportModulesInManaged (12ms)
				SetLoadedEditorAssemblies (1ms)
				RefreshPlugins (1ms)
				BeforeProcessingInitializeOnLoad (174ms)
				ProcessInitializeOnLoadAttributes (404ms)
				ProcessInitializeOnLoadMethodAttributes (24ms)
				AfterProcessingInitializeOnLoad (15ms)
				EditorAssembliesLoaded (0ms)
			ExecutionOrderSort2 (0ms)
			AwakeInstancesAfterBackupRestoration (18ms)
Platform modules already initialized, skipping
Refreshing native plugins compatible for Editor in 1.97 ms, found 3 plugins.
Preloading 0 native plugins for Editor in 0.00 ms.
Unloading 2173 Unused Serialized files (Serialized files now loaded: 0)
System memory in use before: 98.1 MB.
System memory in use after: 98.2 MB.

Unloading 17 unused Assets to reduce memory usage. Loaded Objects now: 2641.
Total: 8.740800 ms (FindLiveObjects: 0.279500 ms CreateObjectMapping: 0.219400 ms MarkObjects: 8.157700 ms  DeleteObjects: 0.082200 ms)

AssetImportParameters requested are different than current active one (requested -> active):
  custom:framework-win-MediaFoundation: 216162199b28c13a410421893ffa2e32 -> 
  custom:video-decoder-ogg-theora: a1e56fd34408186e4bbccfd4996cb3dc -> 
  custom:container-muxer-webm: aa71ff27fc2769a1b78a27578f13a17b -> 
  custom:container-demuxer-webm: 4f35f7cbe854078d1ac9338744f61a02 -> 
  custom:container-demuxer-ogg: 62fdf1f143b41e24485cea50d1cbac27 -> 
  custom:video-encoder-webm-vp8: eb34c28f22e8b96e1ab97ce403110664 -> 
  custom:video-decoder-webm-vp8: 9c59270c3fd7afecdb556c50c9e8de78 -> 
  custom:audio-decoder-ogg-vorbis: bf7c407c2cedff20999df2af8eb42d56 -> 
  custom:audio-encoder-webm-vorbis: bf7c407c2cedff20999df2af8eb42d56 -> 
========================================================================
Received Prepare
Registering precompiled user dll's ...
Registered in 0.031190 seconds.
Begin MonoManager ReloadAssembly
Native extension for WindowsStandalone target not found
Refreshing native plugins compatible for Editor in 1.05 ms, found 3 plugins.
Preloading 0 native plugins for Editor in 0.00 ms.
Mono: successfully reloaded assembly
- Completed reload, in  2.994 seconds
Domain Reload Profiling:
	ReloadAssembly (2995ms)
		BeginReloadAssembly (493ms)
			ExecutionOrderSort (0ms)
			DisableScriptedObjects (14ms)
			BackupInstance (0ms)
			ReleaseScriptingObjects (0ms)
			CreateAndSetChildDomain (134ms)
		EndReloadAssembly (2347ms)
			LoadAssemblies (376ms)
			RebuildTransferFunctionScriptingTraits (0ms)
			SetupTypeCache (765ms)
			ReleaseScriptCaches (2ms)
			RebuildScriptCaches (101ms)
			SetupLoadedEditorAssemblies (966ms)
				LogAssemblyErrors (0ms)
				InitializePlatformSupportModulesInManaged (42ms)
				SetLoadedEditorAssemblies (1ms)
				RefreshPlugins (1ms)
				BeforeProcessingInitializeOnLoad (312ms)
				ProcessInitializeOnLoadAttributes (563ms)
				ProcessInitializeOnLoadMethodAttributes (33ms)
				AfterProcessingInitializeOnLoad (13ms)
				EditorAssembliesLoaded (0ms)
			ExecutionOrderSort2 (0ms)
			AwakeInstancesAfterBackupRestoration (22ms)
Platform modules already initialized, skipping
Refreshing native plugins compatible for Editor in 0.73 ms, found 3 plugins.
Preloading 0 native plugins for Editor in 0.00 ms.
Unloading 2173 Unused Serialized files (Serialized files now loaded: 0)
System memory in use before: 98.1 MB.
System memory in use after: 98.2 MB.

Unloading 17 unused Assets to reduce memory usage. Loaded Objects now: 2643.
Total: 6.174800 ms (FindLiveObjects: 0.343600 ms CreateObjectMapping: 0.528700 ms MarkObjects: 5.267500 ms  DeleteObjects: 0.033100 ms)

AssetImportParameters requested are different than current active one (requested -> active):
  custom:framework-win-MediaFoundation: 216162199b28c13a410421893ffa2e32 -> 
  custom:video-decoder-ogg-theora: a1e56fd34408186e4bbccfd4996cb3dc -> 
  custom:container-muxer-webm: aa71ff27fc2769a1b78a27578f13a17b -> 
  custom:container-demuxer-webm: 4f35f7cbe854078d1ac9338744f61a02 -> 
  custom:container-demuxer-ogg: 62fdf1f143b41e24485cea50d1cbac27 -> 
  custom:video-encoder-webm-vp8: eb34c28f22e8b96e1ab97ce403110664 -> 
  custom:video-decoder-webm-vp8: 9c59270c3fd7afecdb556c50c9e8de78 -> 
  custom:audio-decoder-ogg-vorbis: bf7c407c2cedff20999df2af8eb42d56 -> 
  custom:audio-encoder-webm-vorbis: bf7c407c2cedff20999df2af8eb42d56 -> 
========================================================================
Received Import Request.
  Time since last request: 279.454172 seconds.
  path: Assets/Scripts/Tower UI.cs
  artifactKey: Guid(d8ca5d4c7e47a9049a7b33dbebdc35e8) Importer(815301076,1909f56bfc062723c751e8b465ee728b)
Start importing Assets/Scripts/Tower UI.cs using Guid(d8ca5d4c7e47a9049a7b33dbebdc35e8) Importer(815301076,1909f56bfc062723c751e8b465ee728b)  -> (artifact id: '6b6730dc42d51572f9b7487d8cae2877') in 0.047899 seconds 
  Import took 0.061667 seconds .

========================================================================
Received Import Request.
  Time since last request: 4.353321 seconds.
  path: Assets/Scripts/TowerUI.cs
  artifactKey: Guid(d8ca5d4c7e47a9049a7b33dbebdc35e8) Importer(815301076,1909f56bfc062723c751e8b465ee728b)
Start importing Assets/Scripts/TowerUI.cs using Guid(d8ca5d4c7e47a9049a7b33dbebdc35e8) Importer(815301076,1909f56bfc062723c751e8b465ee728b)  -> (artifact id: '46f28cfc3e89226309cad39d2b82a392') in 0.036445 seconds 
  Import took 0.150594 seconds .

========================================================================
Received Prepare
Registering precompiled user dll's ...
Registered in 0.011163 seconds.
Begin MonoManager ReloadAssembly
Native extension for WindowsStandalone target not found
Refreshing native plugins compatible for Editor in 0.72 ms, found 3 plugins.
Preloading 0 native plugins for Editor in 0.00 ms.
Mono: successfully reloaded assembly
- Completed reload, in  3.145 seconds
Domain Reload Profiling:
	ReloadAssembly (3146ms)
		BeginReloadAssembly (312ms)
			ExecutionOrderSort (0ms)
			DisableScriptedObjects (27ms)
			BackupInstance (0ms)
			ReleaseScriptingObjects (0ms)
			CreateAndSetChildDomain (96ms)
		EndReloadAssembly (2604ms)
			LoadAssemblies (282ms)
			RebuildTransferFunctionScriptingTraits (0ms)
			SetupTypeCache (869ms)
			ReleaseScriptCaches (2ms)
			RebuildScriptCaches (142ms)
			SetupLoadedEditorAssemblies (988ms)
				LogAssemblyErrors (0ms)
				InitializePlatformSupportModulesInManaged (11ms)
				SetLoadedEditorAssemblies (2ms)
				RefreshPlugins (1ms)
				BeforeProcessingInitializeOnLoad (178ms)
				ProcessInitializeOnLoadAttributes (761ms)
				ProcessInitializeOnLoadMethodAttributes (21ms)
				AfterProcessingInitializeOnLoad (14ms)
				EditorAssembliesLoaded (0ms)
			ExecutionOrderSort2 (0ms)
			AwakeInstancesAfterBackupRestoration (22ms)
Platform modules already initialized, skipping
Refreshing native plugins compatible for Editor in 1.08 ms, found 3 plugins.
Preloading 0 native plugins for Editor in 0.00 ms.
Unloading 2173 Unused Serialized files (Serialized files now loaded: 0)
System memory in use before: 98.1 MB.
System memory in use after: 98.2 MB.

Unloading 17 unused Assets to reduce memory usage. Loaded Objects now: 2645.
Total: 6.977600 ms (FindLiveObjects: 1.330600 ms CreateObjectMapping: 0.396200 ms MarkObjects: 5.195500 ms  DeleteObjects: 0.040900 ms)

AssetImportParameters requested are different than current active one (requested -> active):
  custom:framework-win-MediaFoundation: 216162199b28c13a410421893ffa2e32 -> 
  custom:video-decoder-ogg-theora: a1e56fd34408186e4bbccfd4996cb3dc -> 
  custom:container-muxer-webm: aa71ff27fc2769a1b78a27578f13a17b -> 
  custom:container-demuxer-webm: 4f35f7cbe854078d1ac9338744f61a02 -> 
  custom:container-demuxer-ogg: 62fdf1f143b41e24485cea50d1cbac27 -> 
  custom:video-encoder-webm-vp8: eb34c28f22e8b96e1ab97ce403110664 -> 
  custom:video-decoder-webm-vp8: 9c59270c3fd7afecdb556c50c9e8de78 -> 
  custom:audio-decoder-ogg-vorbis: bf7c407c2cedff20999df2af8eb42d56 -> 
  custom:audio-encoder-webm-vorbis: bf7c407c2cedff20999df2af8eb42d56 -> 
========================================================================
Received Import Request.
  Time since last request: 71.696763 seconds.
  path: Assets/Scripts/LevelManager.cs
  artifactKey: Guid(354079455d2a1ff4c82c765af211ec60) Importer(815301076,1909f56bfc062723c751e8b465ee728b)
Start importing Assets/Scripts/LevelManager.cs using Guid(354079455d2a1ff4c82c765af211ec60) Importer(815301076,1909f56bfc062723c751e8b465ee728b)  -> (artifact id: 'c2bcd9570d826f815cd512a16f468550') in 0.146875 seconds 
  Import took 0.216047 seconds .

========================================================================
Received Prepare
Registering precompiled user dll's ...
Registered in 0.019591 seconds.
Begin MonoManager ReloadAssembly
Native extension for WindowsStandalone target not found
Refreshing native plugins compatible for Editor in 1.66 ms, found 3 plugins.
Preloading 0 native plugins for Editor in 0.00 ms.
Mono: successfully reloaded assembly
- Completed reload, in  2.530 seconds
Domain Reload Profiling:
	ReloadAssembly (2532ms)
		BeginReloadAssembly (195ms)
			ExecutionOrderSort (0ms)
			DisableScriptedObjects (11ms)
			BackupInstance (0ms)
			ReleaseScriptingObjects (0ms)
			CreateAndSetChildDomain (65ms)
		EndReloadAssembly (2112ms)
			LoadAssemblies (187ms)
			RebuildTransferFunctionScriptingTraits (0ms)
			SetupTypeCache (915ms)
			ReleaseScriptCaches (2ms)
			RebuildScriptCaches (105ms)
			SetupLoadedEditorAssemblies (644ms)
				LogAssemblyErrors (0ms)
				InitializePlatformSupportModulesInManaged (10ms)
				SetLoadedEditorAssemblies (1ms)
				RefreshPlugins (2ms)
				BeforeProcessingInitializeOnLoad (169ms)
				ProcessInitializeOnLoadAttributes (421ms)
				ProcessInitializeOnLoadMethodAttributes (30ms)
				AfterProcessingInitializeOnLoad (11ms)
				EditorAssembliesLoaded (0ms)
			ExecutionOrderSort2 (0ms)
			AwakeInstancesAfterBackupRestoration (24ms)
Platform modules already initialized, skipping
Refreshing native plugins compatible for Editor in 0.68 ms, found 3 plugins.
Preloading 0 native plugins for Editor in 0.00 ms.
Unloading 2174 Unused Serialized files (Serialized files now loaded: 0)
System memory in use before: 98.1 MB.
System memory in use after: 98.2 MB.

Unloading 17 unused Assets to reduce memory usage. Loaded Objects now: 2648.
Total: 5.552900 ms (FindLiveObjects: 0.419100 ms CreateObjectMapping: 0.223600 ms MarkObjects: 4.876200 ms  DeleteObjects: 0.032200 ms)

AssetImportParameters requested are different than current active one (requested -> active):
  custom:framework-win-MediaFoundation: 216162199b28c13a410421893ffa2e32 -> 
  custom:video-decoder-ogg-theora: a1e56fd34408186e4bbccfd4996cb3dc -> 
  custom:container-muxer-webm: aa71ff27fc2769a1b78a27578f13a17b -> 
  custom:container-demuxer-webm: 4f35f7cbe854078d1ac9338744f61a02 -> 
  custom:container-demuxer-ogg: 62fdf1f143b41e24485cea50d1cbac27 -> 
  custom:video-encoder-webm-vp8: eb34c28f22e8b96e1ab97ce403110664 -> 
  custom:video-decoder-webm-vp8: 9c59270c3fd7afecdb556c50c9e8de78 -> 
  custom:audio-decoder-ogg-vorbis: bf7c407c2cedff20999df2af8eb42d56 -> 
  custom:audio-encoder-webm-vorbis: bf7c407c2cedff20999df2af8eb42d56 -> 
========================================================================
Received Prepare
Registering precompiled user dll's ...
Registered in 1.173985 seconds.
Begin MonoManager ReloadAssembly
Native extension for WindowsStandalone target not found
Refreshing native plugins compatible for Editor in 1.37 ms, found 3 plugins.
Preloading 0 native plugins for Editor in 0.00 ms.
Mono: successfully reloaded assembly
- Completed reload, in  7.377 seconds
Domain Reload Profiling:
	ReloadAssembly (7453ms)
		BeginReloadAssembly (2385ms)
			ExecutionOrderSort (0ms)
			DisableScriptedObjects (500ms)
			BackupInstance (0ms)
			ReleaseScriptingObjects (7ms)
			CreateAndSetChildDomain (1096ms)
		EndReloadAssembly (4574ms)
			LoadAssemblies (818ms)
			RebuildTransferFunctionScriptingTraits (0ms)
			SetupTypeCache (1683ms)
			ReleaseScriptCaches (16ms)
			RebuildScriptCaches (116ms)
			SetupLoadedEditorAssemblies (1613ms)
				LogAssemblyErrors (0ms)
				InitializePlatformSupportModulesInManaged (53ms)
				SetLoadedEditorAssemblies (34ms)
				RefreshPlugins (2ms)
				BeforeProcessingInitializeOnLoad (404ms)
				ProcessInitializeOnLoadAttributes (1045ms)
				ProcessInitializeOnLoadMethodAttributes (58ms)
				AfterProcessingInitializeOnLoad (16ms)
				EditorAssembliesLoaded (1ms)
			ExecutionOrderSort2 (0ms)
			AwakeInstancesAfterBackupRestoration (39ms)
Platform modules already initialized, skipping
Refreshing native plugins compatible for Editor in 0.89 ms, found 3 plugins.
Preloading 0 native plugins for Editor in 0.00 ms.
Unloading 2174 Unused Serialized files (Serialized files now loaded: 0)
System memory in use before: 98.1 MB.
System memory in use after: 98.3 MB.

Unloading 17 unused Assets to reduce memory usage. Loaded Objects now: 2650.
Total: 39.683200 ms (FindLiveObjects: 0.576800 ms CreateObjectMapping: 0.287100 ms MarkObjects: 38.496600 ms  DeleteObjects: 0.315600 ms)

AssetImportParameters requested are different than current active one (requested -> active):
  custom:framework-win-MediaFoundation: 216162199b28c13a410421893ffa2e32 -> 
  custom:video-decoder-ogg-theora: a1e56fd34408186e4bbccfd4996cb3dc -> 
  custom:container-muxer-webm: aa71ff27fc2769a1b78a27578f13a17b -> 
  custom:container-demuxer-webm: 4f35f7cbe854078d1ac9338744f61a02 -> 
  custom:container-demuxer-ogg: 62fdf1f143b41e24485cea50d1cbac27 -> 
  custom:video-encoder-webm-vp8: eb34c28f22e8b96e1ab97ce403110664 -> 
  custom:video-decoder-webm-vp8: 9c59270c3fd7afecdb556c50c9e8de78 -> 
  custom:audio-decoder-ogg-vorbis: bf7c407c2cedff20999df2af8eb42d56 -> 
  custom:audio-encoder-webm-vorbis: bf7c407c2cedff20999df2af8eb42d56 -> 
========================================================================
Received Import Request.
  Time since last request: 69919.201684 seconds.
  path: Assets/Scripts/LevelManager.cs
  artifactKey: Guid(354079455d2a1ff4c82c765af211ec60) Importer(815301076,1909f56bfc062723c751e8b465ee728b)
Start importing Assets/Scripts/LevelManager.cs using Guid(354079455d2a1ff4c82c765af211ec60) Importer(815301076,1909f56bfc062723c751e8b465ee728b)  -> (artifact id: 'ffc03ff57d32479689364c04e32c4395') in 0.070490 seconds 
  Import took 0.080820 seconds .

========================================================================
Received Prepare
Registering precompiled user dll's ...
Registered in 0.017067 seconds.
Begin MonoManager ReloadAssembly
Native extension for WindowsStandalone target not found
Refreshing native plugins compatible for Editor in 0.73 ms, found 3 plugins.
Preloading 0 native plugins for Editor in 0.00 ms.
Mono: successfully reloaded assembly
- Completed reload, in  4.042 seconds
Domain Reload Profiling:
	ReloadAssembly (4042ms)
		BeginReloadAssembly (375ms)
			ExecutionOrderSort (0ms)
			DisableScriptedObjects (26ms)
			BackupInstance (0ms)
			ReleaseScriptingObjects (0ms)
			CreateAndSetChildDomain (121ms)
		EndReloadAssembly (3345ms)
			LoadAssemblies (397ms)
			RebuildTransferFunctionScriptingTraits (0ms)
			SetupTypeCache (1190ms)
			ReleaseScriptCaches (3ms)
			RebuildScriptCaches (209ms)
			SetupLoadedEditorAssemblies (1024ms)
				LogAssemblyErrors (0ms)
				InitializePlatformSupportModulesInManaged (17ms)
				SetLoadedEditorAssemblies (1ms)
				RefreshPlugins (1ms)
				BeforeProcessingInitializeOnLoad (196ms)
				ProcessInitializeOnLoadAttributes (768ms)
				ProcessInitializeOnLoadMethodAttributes (30ms)
				AfterProcessingInitializeOnLoad (11ms)
				EditorAssembliesLoaded (0ms)
			ExecutionOrderSort2 (0ms)
			AwakeInstancesAfterBackupRestoration (25ms)
Platform modules already initialized, skipping
Refreshing native plugins compatible for Editor in 1.15 ms, found 3 plugins.
Preloading 0 native plugins for Editor in 0.00 ms.
Unloading 2174 Unused Serialized files (Serialized files now loaded: 0)
System memory in use before: 98.1 MB.
System memory in use after: 98.3 MB.

Unloading 17 unused Assets to reduce memory usage. Loaded Objects now: 2652.
Total: 12.030300 ms (FindLiveObjects: 1.061200 ms CreateObjectMapping: 0.907000 ms MarkObjects: 10.020000 ms  DeleteObjects: 0.040100 ms)

AssetImportParameters requested are different than current active one (requested -> active):
  custom:framework-win-MediaFoundation: 216162199b28c13a410421893ffa2e32 -> 
  custom:video-decoder-ogg-theora: a1e56fd34408186e4bbccfd4996cb3dc -> 
  custom:container-muxer-webm: aa71ff27fc2769a1b78a27578f13a17b -> 
  custom:container-demuxer-webm: 4f35f7cbe854078d1ac9338744f61a02 -> 
  custom:container-demuxer-ogg: 62fdf1f143b41e24485cea50d1cbac27 -> 
  custom:video-encoder-webm-vp8: eb34c28f22e8b96e1ab97ce403110664 -> 
  custom:video-decoder-webm-vp8: 9c59270c3fd7afecdb556c50c9e8de78 -> 
  custom:audio-decoder-ogg-vorbis: bf7c407c2cedff20999df2af8eb42d56 -> 
  custom:audio-encoder-webm-vorbis: bf7c407c2cedff20999df2af8eb42d56 -> 
========================================================================
Received Import Request.
  Time since last request: 164.054988 seconds.
  path: Assets/Prefabs/Tower UI.prefab
  artifactKey: Guid(712617e7c47235a43885796d7256ef29) Importer(815301076,1909f56bfc062723c751e8b465ee728b)
Start importing Assets/Prefabs/Tower UI.prefab using Guid(712617e7c47235a43885796d7256ef29) Importer(815301076,1909f56bfc062723c751e8b465ee728b)  -> (artifact id: '4a4a6178fed2f6a08885e14f836cc682') in 0.542689 seconds 
  Import took 0.555329 seconds .

========================================================================
Received Prepare
Registering precompiled user dll's ...
Registered in 0.007139 seconds.
Begin MonoManager ReloadAssembly
Native extension for WindowsStandalone target not found
Refreshing native plugins compatible for Editor in 1.44 ms, found 3 plugins.
Preloading 0 native plugins for Editor in 0.00 ms.
Mono: successfully reloaded assembly
- Completed reload, in  2.675 seconds
Domain Reload Profiling:
	ReloadAssembly (2682ms)
		BeginReloadAssembly (376ms)
			ExecutionOrderSort (0ms)
			DisableScriptedObjects (75ms)
			BackupInstance (0ms)
			ReleaseScriptingObjects (0ms)
			CreateAndSetChildDomain (75ms)
		EndReloadAssembly (2139ms)
			LoadAssemblies (261ms)
			RebuildTransferFunctionScriptingTraits (0ms)
			SetupTypeCache (697ms)
			ReleaseScriptCaches (3ms)
			RebuildScriptCaches (95ms)
			SetupLoadedEditorAssemblies (831ms)
				LogAssemblyErrors (0ms)
				InitializePlatformSupportModulesInManaged (12ms)
				SetLoadedEditorAssemblies (1ms)
				RefreshPlugins (2ms)
				BeforeProcessingInitializeOnLoad (202ms)
				ProcessInitializeOnLoadAttributes (509ms)
				ProcessInitializeOnLoadMethodAttributes (61ms)
				AfterProcessingInitializeOnLoad (42ms)
				EditorAssembliesLoaded (2ms)
			ExecutionOrderSort2 (0ms)
			AwakeInstancesAfterBackupRestoration (30ms)
Platform modules already initialized, skipping
Refreshing native plugins compatible for Editor in 0.90 ms, found 3 plugins.
Preloading 0 native plugins for Editor in 0.00 ms.
Unloading 2174 Unused Serialized files (Serialized files now loaded: 0)
System memory in use before: 98.1 MB.
System memory in use after: 98.3 MB.

Unloading 17 unused Assets to reduce memory usage. Loaded Objects now: 2654.
Total: 8.193600 ms (FindLiveObjects: 0.393300 ms CreateObjectMapping: 0.399400 ms MarkObjects: 7.299200 ms  DeleteObjects: 0.099500 ms)

AssetImportParameters requested are different than current active one (requested -> active):
  custom:framework-win-MediaFoundation: 216162199b28c13a410421893ffa2e32 -> 
  custom:video-decoder-ogg-theora: a1e56fd34408186e4bbccfd4996cb3dc -> 
  custom:container-muxer-webm: aa71ff27fc2769a1b78a27578f13a17b -> 
  custom:container-demuxer-webm: 4f35f7cbe854078d1ac9338744f61a02 -> 
  custom:container-demuxer-ogg: 62fdf1f143b41e24485cea50d1cbac27 -> 
  custom:video-encoder-webm-vp8: eb34c28f22e8b96e1ab97ce403110664 -> 
  custom:video-decoder-webm-vp8: 9c59270c3fd7afecdb556c50c9e8de78 -> 
  custom:audio-decoder-ogg-vorbis: bf7c407c2cedff20999df2af8eb42d56 -> 
  custom:audio-encoder-webm-vorbis: bf7c407c2cedff20999df2af8eb42d56 -> 
AssetImportWorkerClient::OnTransportError - code=2 error=End of file
